<?xml version="1.0" encoding="UTF-8"?>
<!-- Generated by org.testng.reporters.JUnitReportReporter -->
<testsuite hostname="ZouYadeMacBook-Pro.local" failures="0" tests="4" name="hust.cs.javacourse.search.index.TermTupleTest" time="0.006" errors="0" timestamp="14 May 2021 02:58:23 GMT" skipped="0">
  <testcase classname="hust.cs.javacourse.search.index.TermTupleTest" name="testTestToString" time="0.005"/>
  <testcase classname="hust.cs.javacourse.search.index.TermTupleTest" name="testTestEquals" time="0.000"/>
  <testcase classname="hust.cs.javacourse.search.index.TermTupleTest" name="testTestEquals" time="0.000"/>
  <testcase classname="hust.cs.javacourse.search.index.TermTupleTest" name="testTestEquals" time="0.001"/>
</testsuite> <!-- hust.cs.javacourse.search.index.TermTupleTest -->
